<?xml version="1.0" encoding="UTF-8"?>
<!-- Generated by org.testng.reporters.JUnitReportReporter -->
<testsuite hostname="DESKTOP-4V2B5VI" failures="0" tests="1" name="testClasses.VerifyUserCanLogin" time="3.925" errors="0" timestamp="2022-10-19T19:39:41 IST" skipped="0">
  <testcase classname="testClasses.VerifyUserCanLogin" name="VerifyUserLogin" time="3.925"/>
  <system-out/>
</testsuite> <!-- testClasses.VerifyUserCanLogin -->
